<?xml version="1.0" encoding="UTF-8"?>
<coverage generated="1659517665106" clover="3.2.0">
  <project timestamp="1659517665106" name="All files">
    <metrics statements="178" coveredstatements="150" conditionals="97" coveredconditionals="56" methods="74" coveredmethods="57" elements="349" coveredelements="263" complexity="0" loc="178" ncloc="178" packages="4" files="10" classes="10"/>
    <package name="enums">
      <metrics statements="10" coveredstatements="10" conditionals="4" coveredconditionals="4" methods="2" coveredmethods="2"/>
      <file name="piece-color.enum.ts" path="E:\Workspace\svelte-nestjs-postgresql-chessgame-mono-repo\frontend\src\chess\enums\piece-color.enum.ts">
        <metrics statements="3" coveredstatements="3" conditionals="2" coveredconditionals="2" methods="1" coveredmethods="1"/>
        <line num="1" count="2" type="cond" truecount="2" falsecount="0"/>
        <line num="2" count="2" type="stmt"/>
        <line num="3" count="2" type="stmt"/>
      </file>
      <file name="piece-type.enum.ts" path="E:\Workspace\svelte-nestjs-postgresql-chessgame-mono-repo\frontend\src\chess\enums\piece-type.enum.ts">
        <metrics statements="7" coveredstatements="7" conditionals="2" coveredconditionals="2" methods="1" coveredmethods="1"/>
        <line num="1" count="2" type="cond" truecount="2" falsecount="0"/>
        <line num="2" count="2" type="stmt"/>
        <line num="3" count="2" type="stmt"/>
        <line num="4" count="2" type="stmt"/>
        <line num="5" count="2" type="stmt"/>
        <line num="6" count="2" type="stmt"/>
        <line num="7" count="2" type="stmt"/>
      </file>
    </package>
    <package name="models">
      <metrics statements="3" coveredstatements="3" conditionals="2" coveredconditionals="2" methods="1" coveredmethods="1"/>
      <file name="piece-color.model.ts" path="E:\Workspace\svelte-nestjs-postgresql-chessgame-mono-repo\frontend\src\chess\models\piece-color.model.ts">
        <metrics statements="3" coveredstatements="3" conditionals="2" coveredconditionals="2" methods="1" coveredmethods="1"/>
        <line num="1" count="2" type="cond" truecount="2" falsecount="0"/>
        <line num="2" count="2" type="stmt"/>
        <line num="3" count="2" type="stmt"/>
      </file>
    </package>
    <package name="models.pieces">
      <metrics statements="96" coveredstatements="68" conditionals="50" coveredconditionals="11" methods="38" coveredmethods="21"/>
      <file name="bishop.model.ts" path="E:\Workspace\svelte-nestjs-postgresql-chessgame-mono-repo\frontend\src\chess\models\pieces\bishop.model.ts">
        <metrics statements="11" coveredstatements="10" conditionals="3" coveredconditionals="1" methods="3" coveredmethods="3"/>
        <line num="1" count="2" type="stmt"/>
        <line num="2" count="2" type="stmt"/>
        <line num="6" count="2" type="stmt"/>
        <line num="8" count="2" type="stmt"/>
        <line num="9" count="37" type="stmt"/>
        <line num="12" count="10" type="stmt"/>
        <line num="15" count="10" type="stmt"/>
        <line num="17" count="10" type="cond" truecount="1" falsecount="2"/>
        <line num="19" count="0" type="stmt"/>
        <line num="22" count="10" type="stmt"/>
        <line num="26" count="3" type="stmt"/>
      </file>
      <file name="chess-piece.model.ts" path="E:\Workspace\svelte-nestjs-postgresql-chessgame-mono-repo\frontend\src\chess\models\pieces\chess-piece.model.ts">
        <metrics statements="8" coveredstatements="6" conditionals="0" coveredconditionals="0" methods="5" coveredmethods="3"/>
        <line num="13" count="2" type="stmt"/>
        <line num="16" count="73" type="stmt"/>
        <line num="23" count="73" type="stmt"/>
        <line num="24" count="73" type="stmt"/>
        <line num="32" count="0" type="stmt"/>
        <line num="36" count="0" type="stmt"/>
        <line num="40" count="3853" type="stmt"/>
        <line num="44" count="825" type="stmt"/>
      </file>
      <file name="config.ts" path="E:\Workspace\svelte-nestjs-postgresql-chessgame-mono-repo\frontend\src\chess\models\pieces\config.ts">
        <metrics statements="3" coveredstatements="3" conditionals="0" coveredconditionals="0" methods="0" coveredmethods="0"/>
        <line num="1" count="1" type="stmt"/>
        <line num="3" count="1" type="stmt"/>
        <line num="32" count="1" type="stmt"/>
      </file>
      <file name="king.model.ts" path="E:\Workspace\svelte-nestjs-postgresql-chessgame-mono-repo\frontend\src\chess\models\pieces\king.model.ts">
        <metrics statements="47" coveredstatements="28" conditionals="38" coveredconditionals="8" methods="24" coveredmethods="10"/>
        <line num="1" count="1" type="stmt"/>
        <line num="2" count="1" type="stmt"/>
        <line num="5" count="1" type="stmt"/>
        <line num="8" count="1" type="stmt"/>
        <line num="9" count="1" type="stmt"/>
        <line num="12" count="1" type="stmt"/>
        <line num="13" count="19" type="stmt"/>
        <line num="23" count="14" type="stmt"/>
        <line num="24" count="14" type="stmt"/>
        <line num="26" count="14" type="stmt"/>
        <line num="28" count="14" type="cond" truecount="0" falsecount="1"/>
        <line num="29" count="0" type="stmt"/>
        <line num="32" count="14" type="stmt"/>
        <line num="36" count="14" type="stmt"/>
        <line num="37" count="51" type="cond" truecount="2" falsecount="0"/>
        <line num="38" count="14" type="stmt"/>
        <line num="39" count="14" type="stmt"/>
        <line num="40" count="6" type="stmt"/>
        <line num="42" count="574" type="stmt"/>
        <line num="46" count="0" type="stmt"/>
        <line num="54" count="0" type="stmt"/>
        <line num="55" count="0" type="stmt"/>
        <line num="58" count="0" type="stmt"/>
        <line num="59" count="0" type="stmt"/>
        <line num="60" count="0" type="cond" truecount="0" falsecount="2"/>
        <line num="70" count="0" type="stmt"/>
        <line num="71" count="0" type="cond" truecount="0" falsecount="2"/>
        <line num="72" count="0" type="cond" truecount="0" falsecount="2"/>
        <line num="76" count="0" type="stmt"/>
        <line num="79" count="0" type="stmt"/>
        <line num="80" count="0" type="stmt"/>
        <line num="81" count="0" type="cond" truecount="0" falsecount="4"/>
        <line num="83" count="0" type="cond" truecount="0" falsecount="4"/>
        <line num="86" count="0" type="stmt"/>
        <line num="89" count="0" type="stmt"/>
        <line num="93" count="14" type="stmt"/>
        <line num="94" count="14" type="cond" truecount="1" falsecount="0"/>
        <line num="95" count="5" type="stmt"/>
        <line num="97" count="9" type="cond" truecount="1" falsecount="0"/>
        <line num="98" count="9" type="stmt"/>
        <line num="100" count="9" type="stmt"/>
        <line num="101" count="18" type="stmt"/>
        <line num="102" count="74" type="cond" truecount="3" falsecount="1"/>
        <line num="104" count="18" type="cond" truecount="1" falsecount="2"/>
        <line num="105" count="0" type="stmt"/>
        <line num="109" count="9" type="stmt"/>
        <line num="113" count="0" type="cond" truecount="0" falsecount="11"/>
      </file>
      <file name="queen.model.ts" path="E:\Workspace\svelte-nestjs-postgresql-chessgame-mono-repo\frontend\src\chess\models\pieces\queen.model.ts">
        <metrics statements="14" coveredstatements="9" conditionals="6" coveredconditionals="1" methods="3" coveredmethods="2"/>
        <line num="1" count="1" type="stmt"/>
        <line num="2" count="1" type="stmt"/>
        <line num="6" count="1" type="stmt"/>
        <line num="8" count="1" type="stmt"/>
        <line num="9" count="5" type="stmt"/>
        <line num="12" count="2" type="stmt"/>
        <line num="14" count="2" type="stmt"/>
        <line num="16" count="2" type="cond" truecount="1" falsecount="2"/>
        <line num="18" count="0" type="stmt"/>
        <line num="21" count="2" type="stmt"/>
        <line num="25" count="0" type="cond" truecount="0" falsecount="2"/>
        <line num="26" count="0" type="cond" truecount="0" falsecount="1"/>
        <line num="27" count="0" type="stmt"/>
        <line num="29" count="0" type="stmt"/>
      </file>
      <file name="rook.model.ts" path="E:\Workspace\svelte-nestjs-postgresql-chessgame-mono-repo\frontend\src\chess\models\pieces\rook.model.ts">
        <metrics statements="13" coveredstatements="12" conditionals="3" coveredconditionals="1" methods="3" coveredmethods="3"/>
        <line num="1" count="1" type="stmt"/>
        <line num="2" count="1" type="stmt"/>
        <line num="13" count="1" type="stmt"/>
        <line num="17" count="1" type="stmt"/>
        <line num="18" count="12" type="stmt"/>
        <line num="23" count="12" type="stmt"/>
        <line num="24" count="12" type="stmt"/>
        <line num="28" count="9" type="stmt"/>
        <line num="30" count="9" type="stmt"/>
        <line num="32" count="9" type="cond" truecount="1" falsecount="2"/>
        <line num="34" count="0" type="stmt"/>
        <line num="37" count="9" type="stmt"/>
        <line num="41" count="2" type="stmt"/>
      </file>
    </package>
    <package name="utils">
      <metrics statements="69" coveredstatements="69" conditionals="41" coveredconditionals="39" methods="33" coveredmethods="33"/>
      <file name="chessboard.utils.ts" path="E:\Workspace\svelte-nestjs-postgresql-chessgame-mono-repo\frontend\src\chess\utils\chessboard.utils.ts">
        <metrics statements="69" coveredstatements="69" conditionals="41" coveredconditionals="39" methods="33" coveredmethods="33"/>
        <line num="1" count="2" type="stmt"/>
        <line num="2" count="2" type="stmt"/>
        <line num="3" count="2" type="stmt"/>
        <line num="9" count="2" type="stmt"/>
        <line num="10" count="264" type="cond" truecount="2" falsecount="0"/>
        <line num="18" count="2" type="stmt"/>
        <line num="19" count="831" type="cond" truecount="3" falsecount="0"/>
        <line num="22" count="2" type="stmt"/>
        <line num="23" count="1480" type="cond" truecount="2" falsecount="0"/>
        <line num="26" count="2" type="stmt"/>
        <line num="27" count="11" type="cond" truecount="2" falsecount="0"/>
        <line num="39" count="2" type="cond" truecount="1" falsecount="0"/>
        <line num="40" count="46" type="stmt"/>
        <line num="41" count="46" type="stmt"/>
        <line num="42" count="245" type="stmt"/>
        <line num="43" count="245" type="stmt"/>
        <line num="44" count="567" type="stmt"/>
        <line num="46" count="567" type="cond" truecount="3" falsecount="0"/>
        <line num="48" count="128" type="stmt"/>
        <line num="51" count="439" type="stmt"/>
        <line num="53" count="1438" type="cond" truecount="3" falsecount="0"/>
        <line num="54" count="13" type="stmt"/>
        <line num="56" count="426" type="stmt"/>
        <line num="59" count="46" type="stmt"/>
        <line num="62" count="2" type="stmt"/>
        <line num="63" count="224" type="stmt"/>
        <line num="64" count="7" type="stmt"/>
        <line num="65" count="99" type="stmt"/>
        <line num="68" count="7" type="stmt"/>
        <line num="69" count="33" type="cond" truecount="1" falsecount="0"/>
        <line num="70" count="27" type="cond" truecount="2" falsecount="0"/>
        <line num="72" count="6" type="cond" truecount="2" falsecount="0"/>
        <line num="76" count="2" type="stmt"/>
        <line num="77" count="5" type="cond" truecount="2" falsecount="0"/>
        <line num="78" count="5" type="cond" truecount="2" falsecount="0"/>
        <line num="79" count="5" type="stmt"/>
        <line num="80" count="5" type="stmt"/>
        <line num="82" count="5" type="cond" truecount="1" falsecount="0"/>
        <line num="83" count="2" type="stmt"/>
        <line num="84" count="2" type="stmt"/>
        <line num="86" count="24" type="stmt"/>
        <line num="89" count="2" type="stmt"/>
        <line num="90" count="13" type="cond" truecount="3" falsecount="1"/>
        <line num="93" count="2" type="stmt"/>
        <line num="94" count="7" type="cond" truecount="3" falsecount="1"/>
        <line num="97" count="2" type="stmt"/>
        <line num="98" count="56" type="stmt"/>
        <line num="99" count="227" type="stmt"/>
        <line num="102" count="594" type="stmt"/>
        <line num="105" count="2" type="stmt"/>
        <line num="106" count="98" type="cond" truecount="2" falsecount="0"/>
        <line num="108" count="25" type="stmt"/>
        <line num="110" count="25" type="cond" truecount="2" falsecount="0"/>
        <line num="111" count="1" type="stmt"/>
        <line num="112" count="24" type="cond" truecount="1" falsecount="0"/>
        <line num="113" count="5" type="stmt"/>
        <line num="115" count="5" type="stmt"/>
        <line num="116" count="326" type="stmt"/>
        <line num="118" count="19" type="stmt"/>
        <line num="121" count="2" type="stmt"/>
        <line num="122" count="7" type="stmt"/>
        <line num="123" count="4" type="stmt"/>
        <line num="132" count="2" type="stmt"/>
        <line num="133" count="10" type="cond" truecount="2" falsecount="0"/>
        <line num="134" count="2" type="stmt"/>
        <line num="135" count="2" type="stmt"/>
        <line num="138" count="8" type="stmt"/>
        <line num="139" count="8" type="stmt"/>
        <line num="142" count="2" type="stmt"/>
      </file>
    </package>
  </project>
</coverage>
