{"E:\\Workspace\\svelte-nestjs-postgresql-chessgame-mono-repo\\frontend\\src\\chess\\enums\\piece-color.enum.ts": {"path":"E:\\Workspace\\svelte-nestjs-postgresql-chessgame-mono-repo\\frontend\\src\\chess\\enums\\piece-color.enum.ts","statementMap":{"0":{"start":{"line":1,"column":0},"end":{"line":1,"column":null}},"1":{"start":{"line":2,"column":4},"end":{"line":2,"column":null}},"2":{"start":{"line":3,"column":4},"end":{"line":3,"column":null}}},"fnMap":{"0":{"name":"(anonymous_0)","decl":{"start":{"line":1,"column":0},"end":{"line":1,"column":12}},"loc":{"start":{"line":1,"column":22},"end":{"line":4,"column":1}}}},"branchMap":{"0":{"loc":{"start":{"line":1,"column":12},"end":{"line":1,"column":null}},"type":"binary-expr","locations":[{"start":{"line":1,"column":12},"end":{"line":1,"column":22}},{"start":{"line":1,"column":12},"end":{"line":1,"column":null}}]}},"s":{"0":2,"1":2,"2":2},"f":{"0":2},"b":{"0":[2,2]}}
,"E:\\Workspace\\svelte-nestjs-postgresql-chessgame-mono-repo\\frontend\\src\\chess\\enums\\piece-type.enum.ts": {"path":"E:\\Workspace\\svelte-nestjs-postgresql-chessgame-mono-repo\\frontend\\src\\chess\\enums\\piece-type.enum.ts","statementMap":{"0":{"start":{"line":1,"column":0},"end":{"line":1,"column":null}},"1":{"start":{"line":2,"column":4},"end":{"line":2,"column":null}},"2":{"start":{"line":3,"column":4},"end":{"line":3,"column":null}},"3":{"start":{"line":4,"column":4},"end":{"line":4,"column":null}},"4":{"start":{"line":5,"column":4},"end":{"line":5,"column":null}},"5":{"start":{"line":6,"column":4},"end":{"line":6,"column":null}},"6":{"start":{"line":7,"column":4},"end":{"line":7,"column":null}}},"fnMap":{"0":{"name":"(anonymous_0)","decl":{"start":{"line":1,"column":0},"end":{"line":1,"column":12}},"loc":{"start":{"line":1,"column":21},"end":{"line":8,"column":1}}}},"branchMap":{"0":{"loc":{"start":{"line":1,"column":12},"end":{"line":1,"column":null}},"type":"binary-expr","locations":[{"start":{"line":1,"column":12},"end":{"line":1,"column":21}},{"start":{"line":1,"column":12},"end":{"line":1,"column":null}}]}},"s":{"0":2,"1":2,"2":2,"3":2,"4":2,"5":2,"6":2},"f":{"0":2},"b":{"0":[2,2]}}
,"E:\\Workspace\\svelte-nestjs-postgresql-chessgame-mono-repo\\frontend\\src\\chess\\models\\piece-color.model.ts": {"path":"E:\\Workspace\\svelte-nestjs-postgresql-chessgame-mono-repo\\frontend\\src\\chess\\models\\piece-color.model.ts","statementMap":{"0":{"start":{"line":1,"column":0},"end":{"line":1,"column":null}},"1":{"start":{"line":2,"column":4},"end":{"line":2,"column":null}},"2":{"start":{"line":3,"column":4},"end":{"line":3,"column":null}}},"fnMap":{"0":{"name":"(anonymous_0)","decl":{"start":{"line":1,"column":0},"end":{"line":1,"column":12}},"loc":{"start":{"line":1,"column":22},"end":{"line":4,"column":1}}}},"branchMap":{"0":{"loc":{"start":{"line":1,"column":12},"end":{"line":1,"column":null}},"type":"binary-expr","locations":[{"start":{"line":1,"column":12},"end":{"line":1,"column":22}},{"start":{"line":1,"column":12},"end":{"line":1,"column":null}}]}},"s":{"0":2,"1":2,"2":2},"f":{"0":2},"b":{"0":[2,2]}}
,"E:\\Workspace\\svelte-nestjs-postgresql-chessgame-mono-repo\\frontend\\src\\chess\\models\\pieces\\bishop.model.ts": {"path":"E:\\Workspace\\svelte-nestjs-postgresql-chessgame-mono-repo\\frontend\\src\\chess\\models\\pieces\\bishop.model.ts","statementMap":{"0":{"start":{"line":1,"column":0},"end":{"line":1,"column":56}},"1":{"start":{"line":2,"column":0},"end":{"line":2,"column":186}},"2":{"start":{"line":6,"column":0},"end":{"line":6,"column":57}},"3":{"start":{"line":9,"column":13},"end":{"line":9,"column":37}},"4":{"start":{"line":12,"column":29},"end":{"line":12,"column":105}},"5":{"start":{"line":15,"column":8},"end":{"line":15,"column":91}},"6":{"start":{"line":17,"column":8},"end":{"line":20,"column":null}},"7":{"start":{"line":19,"column":12},"end":{"line":19,"column":123}},"8":{"start":{"line":22,"column":8},"end":{"line":22,"column":30}},"9":{"start":{"line":26,"column":8},"end":{"line":26,"column":54}},"10":{"start":{"line":8,"column":0},"end":{"line":8,"column":13}}},"fnMap":{"0":{"name":"(anonymous_0)","decl":{"start":{"line":8,"column":0},"end":{"line":8,"column":13}},"loc":{"start":{"line":8,"column":0},"end":{"line":28,"column":1}}},"1":{"name":"(anonymous_1)","decl":{"start":{"line":11,"column":4},"end":{"line":11,"column":25}},"loc":{"start":{"line":11,"column":84},"end":{"line":23,"column":5}}},"2":{"name":"(anonymous_2)","decl":{"start":{"line":25,"column":4},"end":{"line":25,"column":42}},"loc":{"start":{"line":25,"column":87},"end":{"line":27,"column":5}}}},"branchMap":{"0":{"loc":{"start":{"line":17,"column":8},"end":{"line":20,"column":null}},"type":"if","locations":[{"start":{"line":17,"column":8},"end":{"line":20,"column":null}}]},"1":{"loc":{"start":{"line":17,"column":12},"end":{"line":17,"column":68}},"type":"binary-expr","locations":[{"start":{"line":17,"column":12},"end":{"line":17,"column":24}},{"start":{"line":17,"column":28},"end":{"line":17,"column":68}}]}},"s":{"0":2,"1":2,"2":2,"3":37,"4":10,"5":10,"6":10,"7":0,"8":10,"9":3,"10":2},"f":{"0":37,"1":10,"2":3},"b":{"0":[0],"1":[10,0]}}
,"E:\\Workspace\\svelte-nestjs-postgresql-chessgame-mono-repo\\frontend\\src\\chess\\models\\pieces\\chess-piece.model.ts": {"path":"E:\\Workspace\\svelte-nestjs-postgresql-chessgame-mono-repo\\frontend\\src\\chess\\models\\pieces\\chess-piece.model.ts","statementMap":{"0":{"start":{"line":16,"column":4},"end":{"line":16,"column":36}},"1":{"start":{"line":23,"column":8},"end":{"line":23,"column":28}},"2":{"start":{"line":24,"column":8},"end":{"line":24,"column":34}},"3":{"start":{"line":32,"column":8},"end":{"line":32,"column":25}},"4":{"start":{"line":36,"column":8},"end":{"line":36,"column":34}},"5":{"start":{"line":40,"column":8},"end":{"line":40,"column":30}},"6":{"start":{"line":44,"column":8},"end":{"line":44,"column":27}},"7":{"start":{"line":13,"column":0},"end":{"line":13,"column":22}}},"fnMap":{"0":{"name":"(anonymous_0)","decl":{"start":{"line":22,"column":4},"end":{"line":22,"column":16}},"loc":{"start":{"line":22,"column":53},"end":{"line":25,"column":5}}},"1":{"name":"(anonymous_1)","decl":{"start":{"line":31,"column":4},"end":{"line":31,"column":16}},"loc":{"start":{"line":31,"column":37},"end":{"line":33,"column":5}}},"2":{"name":"(anonymous_2)","decl":{"start":{"line":35,"column":4},"end":{"line":35,"column":8}},"loc":{"start":{"line":35,"column":35},"end":{"line":37,"column":5}}},"3":{"name":"(anonymous_3)","decl":{"start":{"line":39,"column":4},"end":{"line":39,"column":8}},"loc":{"start":{"line":39,"column":16},"end":{"line":41,"column":5}}},"4":{"name":"(anonymous_4)","decl":{"start":{"line":43,"column":4},"end":{"line":43,"column":8}},"loc":{"start":{"line":43,"column":13},"end":{"line":45,"column":5}}}},"branchMap":{},"s":{"0":73,"1":73,"2":73,"3":0,"4":0,"5":3853,"6":825,"7":2},"f":{"0":73,"1":0,"2":0,"3":3853,"4":825},"b":{}}
,"E:\\Workspace\\svelte-nestjs-postgresql-chessgame-mono-repo\\frontend\\src\\chess\\models\\pieces\\config.ts": {"path":"E:\\Workspace\\svelte-nestjs-postgresql-chessgame-mono-repo\\frontend\\src\\chess\\models\\pieces\\config.ts","statementMap":{"0":{"start":{"line":1,"column":0},"end":{"line":1,"column":50}},"1":{"start":{"line":3,"column":13},"end":{"line":28,"column":null}},"2":{"start":{"line":32,"column":13},"end":{"line":35,"column":null}}},"fnMap":{},"branchMap":{},"s":{"0":1,"1":1,"2":1},"f":{},"b":{}}
,"E:\\Workspace\\svelte-nestjs-postgresql-chessgame-mono-repo\\frontend\\src\\chess\\models\\pieces\\king.model.ts": {"path":"E:\\Workspace\\svelte-nestjs-postgresql-chessgame-mono-repo\\frontend\\src\\chess\\models\\pieces\\king.model.ts","statementMap":{"0":{"start":{"line":1,"column":0},"end":{"line":1,"column":56}},"1":{"start":{"line":2,"column":0},"end":{"line":2,"column":169}},"2":{"start":{"line":5,"column":0},"end":{"line":5,"column":50}},"3":{"start":{"line":8,"column":0},"end":{"line":8,"column":57}},"4":{"start":{"line":9,"column":0},"end":{"line":9,"column":40}},"5":{"start":{"line":13,"column":13},"end":{"line":13,"column":35}},"6":{"start":{"line":23,"column":29},"end":{"line":23,"column":31}},"7":{"start":{"line":24,"column":8},"end":{"line":24,"column":128}},"8":{"start":{"line":26,"column":8},"end":{"line":26,"column":69}},"9":{"start":{"line":28,"column":8},"end":{"line":30,"column":null}},"10":{"start":{"line":29,"column":12},"end":{"line":29,"column":87}},"11":{"start":{"line":32,"column":8},"end":{"line":32,"column":73}},"12":{"start":{"line":36,"column":39},"end":{"line":36,"column":76}},"13":{"start":{"line":37,"column":26},"end":{"line":37,"column":113}},"14":{"start":{"line":37,"column":53},"end":{"line":37,"column":112}},"15":{"start":{"line":38,"column":33},"end":{"line":38,"column":93}},"16":{"start":{"line":39,"column":44},"end":{"line":41,"column":16}},"17":{"start":{"line":40,"column":23},"end":{"line":40,"column":79}},"18":{"start":{"line":42,"column":8},"end":{"line":42,"column":115}},"19":{"start":{"line":42,"column":47},"end":{"line":42,"column":113}},"20":{"start":{"line":42,"column":95},"end":{"line":42,"column":112}},"21":{"start":{"line":46,"column":8},"end":{"line":46,"column":18}},"22":{"start":{"line":54,"column":41},"end":{"line":56,"column":16}},"23":{"start":{"line":54,"column":66},"end":{"line":54,"column":110}},"24":{"start":{"line":55,"column":23},"end":{"line":55,"column":72}},"25":{"start":{"line":58,"column":34},"end":{"line":58,"column":124}},"26":{"start":{"line":58,"column":70},"end":{"line":58,"column":123}},"27":{"start":{"line":58,"column":108},"end":{"line":58,"column":122}},"28":{"start":{"line":59,"column":8},"end":{"line":62,"column":11}},"29":{"start":{"line":60,"column":12},"end":{"line":61,"column":116}},"30":{"start":{"line":70,"column":31},"end":{"line":70,"column":55}},"31":{"start":{"line":71,"column":8},"end":{"line":72,"column":109}},"32":{"start":{"line":72,"column":46},"end":{"line":72,"column":107}},"33":{"start":{"line":76,"column":31},"end":{"line":76,"column":55}},"34":{"start":{"line":79,"column":8},"end":{"line":88,"column":11}},"35":{"start":{"line":80,"column":50},"end":{"line":81,"column":null}},"36":{"start":{"line":81,"column":27},"end":{"line":81,"column":173}},"37":{"start":{"line":83,"column":12},"end":{"line":87,"column":null}},"38":{"start":{"line":86,"column":16},"end":{"line":86,"column":112}},"39":{"start":{"line":89,"column":8},"end":{"line":89,"column":25}},"40":{"start":{"line":93,"column":31},"end":{"line":93,"column":33}},"41":{"start":{"line":94,"column":8},"end":{"line":96,"column":null}},"42":{"start":{"line":95,"column":12},"end":{"line":95,"column":22}},"43":{"start":{"line":97,"column":8},"end":{"line":108,"column":null}},"44":{"start":{"line":98,"column":35},"end":{"line":98,"column":59}},"45":{"start":{"line":100,"column":12},"end":{"line":107,"column":null}},"46":{"start":{"line":101,"column":54},"end":{"line":102,"column":null}},"47":{"start":{"line":102,"column":31},"end":{"line":102,"column":177}},"48":{"start":{"line":104,"column":16},"end":{"line":106,"column":null}},"49":{"start":{"line":105,"column":20},"end":{"line":105,"column":78}},"50":{"start":{"line":109,"column":8},"end":{"line":109,"column":30}},"51":{"start":{"line":113,"column":8},"end":{"line":113,"column":144}},"52":{"start":{"line":113,"column":36},"end":{"line":113,"column":143}},"53":{"start":{"line":12,"column":0},"end":{"line":12,"column":21}}},"fnMap":{"0":{"name":"(anonymous_0)","decl":{"start":{"line":12,"column":0},"end":{"line":12,"column":21}},"loc":{"start":{"line":12,"column":0},"end":{"line":115,"column":1}}},"1":{"name":"(anonymous_1)","decl":{"start":{"line":22,"column":4},"end":{"line":22,"column":25}},"loc":{"start":{"line":22,"column":91},"end":{"line":33,"column":5}}},"2":{"name":"(anonymous_2)","decl":{"start":{"line":35,"column":4},"end":{"line":35,"column":32}},"loc":{"start":{"line":35,"column":80},"end":{"line":43,"column":5}}},"3":{"name":"(anonymous_3)","decl":{"start":{"line":37,"column":42},"end":{"line":37,"column":43}},"loc":{"start":{"line":37,"column":53},"end":{"line":37,"column":112}}},"4":{"name":"(anonymous_4)","decl":{"start":{"line":40,"column":12},"end":{"line":40,"column":13}},"loc":{"start":{"line":40,"column":23},"end":{"line":40,"column":79}}},"5":{"name":"(anonymous_5)","decl":{"start":{"line":42,"column":37},"end":{"line":42,"column":38}},"loc":{"start":{"line":42,"column":47},"end":{"line":42,"column":113}}},"6":{"name":"(anonymous_6)","decl":{"start":{"line":42,"column":81},"end":{"line":42,"column":82}},"loc":{"start":{"line":42,"column":95},"end":{"line":42,"column":112}}},"7":{"name":"(anonymous_7)","decl":{"start":{"line":45,"column":4},"end":{"line":45,"column":42}},"loc":{"start":{"line":45,"column":87},"end":{"line":47,"column":5}}},"8":{"name":"(anonymous_8)","decl":{"start":{"line":53,"column":4},"end":{"line":53,"column":25}},"loc":{"start":{"line":53,"column":89},"end":{"line":63,"column":5}}},"9":{"name":"(anonymous_9)","decl":{"start":{"line":54,"column":55},"end":{"line":54,"column":56}},"loc":{"start":{"line":54,"column":66},"end":{"line":54,"column":110}}},"10":{"name":"(anonymous_10)","decl":{"start":{"line":55,"column":12},"end":{"line":55,"column":13}},"loc":{"start":{"line":55,"column":23},"end":{"line":55,"column":72}}},"11":{"name":"(anonymous_11)","decl":{"start":{"line":58,"column":56},"end":{"line":58,"column":57}},"loc":{"start":{"line":58,"column":70},"end":{"line":58,"column":123}}},"12":{"name":"(anonymous_12)","decl":{"start":{"line":58,"column":101},"end":{"line":58,"column":102}},"loc":{"start":{"line":58,"column":108},"end":{"line":58,"column":122}}},"13":{"name":"(anonymous_13)","decl":{"start":{"line":59,"column":40},"end":{"line":59,"column":41}},"loc":{"start":{"line":59,"column":58},"end":{"line":62,"column":9}}},"14":{"name":"(anonymous_14)","decl":{"start":{"line":69,"column":4},"end":{"line":69,"column":51}},"loc":{"start":{"line":69,"column":133},"end":{"line":73,"column":5}}},"15":{"name":"(anonymous_15)","decl":{"start":{"line":72,"column":36},"end":{"line":72,"column":37}},"loc":{"start":{"line":72,"column":46},"end":{"line":72,"column":107}}},"16":{"name":"(anonymous_16)","decl":{"start":{"line":75,"column":4},"end":{"line":75,"column":16}},"loc":{"start":{"line":75,"column":37},"end":{"line":90,"column":5}}},"17":{"name":"(anonymous_17)","decl":{"start":{"line":79,"column":44},"end":{"line":79,"column":45}},"loc":{"start":{"line":79,"column":53},"end":{"line":88,"column":9}}},"18":{"name":"(anonymous_18)","decl":{"start":{"line":81,"column":16},"end":{"line":81,"column":17}},"loc":{"start":{"line":81,"column":27},"end":{"line":81,"column":173}}},"19":{"name":"(anonymous_19)","decl":{"start":{"line":92,"column":12},"end":{"line":92,"column":28}},"loc":{"start":{"line":92,"column":64},"end":{"line":110,"column":5}}},"20":{"name":"(anonymous_20)","decl":{"start":{"line":100,"column":48},"end":{"line":100,"column":49}},"loc":{"start":{"line":100,"column":57},"end":{"line":107,"column":13}}},"21":{"name":"(anonymous_21)","decl":{"start":{"line":102,"column":20},"end":{"line":102,"column":21}},"loc":{"start":{"line":102,"column":31},"end":{"line":102,"column":177}}},"22":{"name":"(anonymous_22)","decl":{"start":{"line":112,"column":12},"end":{"line":112,"column":31}},"loc":{"start":{"line":112,"column":58},"end":{"line":114,"column":5}}},"23":{"name":"(anonymous_23)","decl":{"start":{"line":113,"column":26},"end":{"line":113,"column":27}},"loc":{"start":{"line":113,"column":35},"end":{"line":113,"column":143}}}},"branchMap":{"0":{"loc":{"start":{"line":22,"column":63},"end":{"line":22,"column":91}},"type":"default-arg","locations":[{"start":{"line":22,"column":87},"end":{"line":22,"column":91}}]},"1":{"loc":{"start":{"line":28,"column":8},"end":{"line":30,"column":null}},"type":"if","locations":[{"start":{"line":28,"column":8},"end":{"line":30,"column":null}}]},"2":{"loc":{"start":{"line":37,"column":53},"end":{"line":37,"column":112}},"type":"binary-expr","locations":[{"start":{"line":37,"column":53},"end":{"line":37,"column":82}},{"start":{"line":37,"column":86},"end":{"line":37,"column":112}}]},"3":{"loc":{"start":{"line":60,"column":21},"end":{"line":61,"column":114}},"type":"binary-expr","locations":[{"start":{"line":60,"column":21},"end":{"line":60,"column":115}},{"start":{"line":61,"column":19},"end":{"line":61,"column":114}}]},"4":{"loc":{"start":{"line":71,"column":15},"end":{"line":72,"column":108}},"type":"binary-expr","locations":[{"start":{"line":71,"column":15},"end":{"line":71,"column":75}},{"start":{"line":72,"column":15},"end":{"line":72,"column":108}}]},"5":{"loc":{"start":{"line":72,"column":73},"end":{"line":72,"column":105}},"type":"cond-expr","locations":[{"start":{"line":72,"column":97},"end":{"line":72,"column":99}},{"start":{"line":72,"column":102},"end":{"line":72,"column":105}}]},"6":{"loc":{"start":{"line":81,"column":27},"end":{"line":81,"column":173}},"type":"binary-expr","locations":[{"start":{"line":81,"column":27},"end":{"line":81,"column":53}},{"start":{"line":81,"column":57},"end":{"line":81,"column":86}},{"start":{"line":81,"column":90},"end":{"line":81,"column":150}},{"start":{"line":81,"column":154},"end":{"line":81,"column":173}}]},"7":{"loc":{"start":{"line":83,"column":12},"end":{"line":87,"column":null}},"type":"if","locations":[{"start":{"line":83,"column":12},"end":{"line":87,"column":null}}]},"8":{"loc":{"start":{"line":83,"column":16},"end":{"line":85,"column":73}},"type":"binary-expr","locations":[{"start":{"line":83,"column":16},"end":{"line":83,"column":50}},{"start":{"line":84,"column":19},"end":{"line":84,"column":117}},{"start":{"line":85,"column":19},"end":{"line":85,"column":73}}]},"9":{"loc":{"start":{"line":94,"column":8},"end":{"line":96,"column":null}},"type":"if","locations":[{"start":{"line":94,"column":8},"end":{"line":96,"column":null}}]},"10":{"loc":{"start":{"line":97,"column":8},"end":{"line":108,"column":null}},"type":"if","locations":[{"start":{"line":97,"column":8},"end":{"line":108,"column":null}}]},"11":{"loc":{"start":{"line":102,"column":31},"end":{"line":102,"column":177}},"type":"binary-expr","locations":[{"start":{"line":102,"column":31},"end":{"line":102,"column":57}},{"start":{"line":102,"column":61},"end":{"line":102,"column":90}},{"start":{"line":102,"column":94},"end":{"line":102,"column":154}},{"start":{"line":102,"column":158},"end":{"line":102,"column":177}}]},"12":{"loc":{"start":{"line":104,"column":16},"end":{"line":106,"column":null}},"type":"if","locations":[{"start":{"line":104,"column":16},"end":{"line":106,"column":null}}]},"13":{"loc":{"start":{"line":104,"column":20},"end":{"line":104,"column":116}},"type":"binary-expr","locations":[{"start":{"line":104,"column":20},"end":{"line":104,"column":49}},{"start":{"line":104,"column":53},"end":{"line":104,"column":116}}]},"14":{"loc":{"start":{"line":113,"column":36},"end":{"line":113,"column":142}},"type":"binary-expr","locations":[{"start":{"line":113,"column":36},"end":{"line":113,"column":73}},{"start":{"line":113,"column":73},"end":{"line":113,"column":107}},{"start":{"line":113,"column":111},"end":{"line":113,"column":142}}]},"15":{"loc":{"start":{"line":113,"column":57},"end":{"line":113,"column":69}},"type":"cond-expr","locations":[{"start":{"line":113,"column":62},"end":{"line":113,"column":64}},{"start":{"line":113,"column":57},"end":{"line":113,"column":69}}]},"16":{"loc":{"start":{"line":113,"column":57},"end":{"line":113,"column":64}},"type":"binary-expr","locations":[{"start":{"line":113,"column":57},"end":{"line":113,"column":64}},{"start":{"line":113,"column":57},"end":{"line":113,"column":64}}]},"17":{"loc":{"start":{"line":113,"column":111},"end":{"line":113,"column":127}},"type":"cond-expr","locations":[{"start":{"line":113,"column":121},"end":{"line":113,"column":123}},{"start":{"line":113,"column":121},"end":{"line":113,"column":127}}]},"18":{"loc":{"start":{"line":113,"column":111},"end":{"line":113,"column":123}},"type":"binary-expr","locations":[{"start":{"line":113,"column":111},"end":{"line":113,"column":123}},{"start":{"line":113,"column":121},"end":{"line":113,"column":123}}]}},"s":{"0":1,"1":1,"2":1,"3":1,"4":1,"5":19,"6":14,"7":14,"8":14,"9":14,"10":0,"11":14,"12":14,"13":14,"14":51,"15":14,"16":14,"17":6,"18":14,"19":96,"20":574,"21":0,"22":0,"23":0,"24":0,"25":0,"26":0,"27":0,"28":0,"29":0,"30":0,"31":0,"32":0,"33":0,"34":0,"35":0,"36":0,"37":0,"38":0,"39":0,"40":14,"41":14,"42":5,"43":9,"44":9,"45":9,"46":18,"47":74,"48":18,"49":0,"50":9,"51":0,"52":0,"53":1},"f":{"0":19,"1":14,"2":14,"3":51,"4":6,"5":96,"6":574,"7":0,"8":0,"9":0,"10":0,"11":0,"12":0,"13":0,"14":0,"15":0,"16":0,"17":0,"18":0,"19":14,"20":18,"21":74,"22":0,"23":0},"b":{"0":[0],"1":[0],"2":[51,21],"3":[0,0],"4":[0,0],"5":[0,0],"6":[0,0,0,0],"7":[0],"8":[0,0,0],"9":[5],"10":[9],"11":[74,40,10,0],"12":[0],"13":[18,0],"14":[0,0,0],"15":[0,0],"16":[0,0],"17":[0,0],"18":[0,0]}}
,"E:\\Workspace\\svelte-nestjs-postgresql-chessgame-mono-repo\\frontend\\src\\chess\\models\\pieces\\queen.model.ts": {"path":"E:\\Workspace\\svelte-nestjs-postgresql-chessgame-mono-repo\\frontend\\src\\chess\\models\\pieces\\queen.model.ts","statementMap":{"0":{"start":{"line":1,"column":0},"end":{"line":1,"column":56}},"1":{"start":{"line":2,"column":0},"end":{"line":2,"column":268}},"2":{"start":{"line":6,"column":0},"end":{"line":6,"column":57}},"3":{"start":{"line":9,"column":13},"end":{"line":9,"column":36}},"4":{"start":{"line":12,"column":29},"end":{"line":12,"column":31}},"5":{"start":{"line":14,"column":8},"end":{"line":14,"column":125}},"6":{"start":{"line":16,"column":8},"end":{"line":19,"column":null}},"7":{"start":{"line":18,"column":12},"end":{"line":18,"column":123}},"8":{"start":{"line":21,"column":8},"end":{"line":21,"column":81}},"9":{"start":{"line":25,"column":29},"end":{"line":25,"column":193}},"10":{"start":{"line":26,"column":8},"end":{"line":28,"column":null}},"11":{"start":{"line":27,"column":12},"end":{"line":27,"column":63}},"12":{"start":{"line":29,"column":8},"end":{"line":29,"column":54}},"13":{"start":{"line":8,"column":0},"end":{"line":8,"column":13}}},"fnMap":{"0":{"name":"(anonymous_0)","decl":{"start":{"line":8,"column":0},"end":{"line":8,"column":13}},"loc":{"start":{"line":8,"column":0},"end":{"line":31,"column":1}}},"1":{"name":"(anonymous_1)","decl":{"start":{"line":11,"column":4},"end":{"line":11,"column":25}},"loc":{"start":{"line":11,"column":84},"end":{"line":22,"column":5}}},"2":{"name":"(anonymous_2)","decl":{"start":{"line":24,"column":4},"end":{"line":24,"column":42}},"loc":{"start":{"line":24,"column":87},"end":{"line":30,"column":5}}}},"branchMap":{"0":{"loc":{"start":{"line":16,"column":8},"end":{"line":19,"column":null}},"type":"if","locations":[{"start":{"line":16,"column":8},"end":{"line":19,"column":null}}]},"1":{"loc":{"start":{"line":16,"column":12},"end":{"line":16,"column":68}},"type":"binary-expr","locations":[{"start":{"line":16,"column":12},"end":{"line":16,"column":24}},{"start":{"line":16,"column":28},"end":{"line":16,"column":68}}]},"2":{"loc":{"start":{"line":25,"column":29},"end":{"line":25,"column":193}},"type":"binary-expr","locations":[{"start":{"line":25,"column":29},"end":{"line":25,"column":108}},{"start":{"line":25,"column":112},"end":{"line":25,"column":193}}]},"3":{"loc":{"start":{"line":26,"column":8},"end":{"line":28,"column":null}},"type":"if","locations":[{"start":{"line":26,"column":8},"end":{"line":28,"column":null}}]}},"s":{"0":1,"1":1,"2":1,"3":5,"4":2,"5":2,"6":2,"7":0,"8":2,"9":0,"10":0,"11":0,"12":0,"13":1},"f":{"0":5,"1":2,"2":0},"b":{"0":[0],"1":[2,0],"2":[0,0],"3":[0]}}
,"E:\\Workspace\\svelte-nestjs-postgresql-chessgame-mono-repo\\frontend\\src\\chess\\models\\pieces\\rook.model.ts": {"path":"E:\\Workspace\\svelte-nestjs-postgresql-chessgame-mono-repo\\frontend\\src\\chess\\models\\pieces\\rook.model.ts","statementMap":{"0":{"start":{"line":1,"column":0},"end":{"line":1,"column":56}},"1":{"start":{"line":2,"column":0},"end":{"line":2,"column":null}},"2":{"start":{"line":13,"column":0},"end":{"line":13,"column":57}},"3":{"start":{"line":23,"column":8},"end":{"line":23,"column":31}},"4":{"start":{"line":18,"column":13},"end":{"line":18,"column":35}},"5":{"start":{"line":24,"column":8},"end":{"line":24,"column":25}},"6":{"start":{"line":28,"column":29},"end":{"line":28,"column":31}},"7":{"start":{"line":30,"column":8},"end":{"line":30,"column":109}},"8":{"start":{"line":32,"column":8},"end":{"line":35,"column":null}},"9":{"start":{"line":34,"column":12},"end":{"line":34,"column":123}},"10":{"start":{"line":37,"column":8},"end":{"line":37,"column":81}},"11":{"start":{"line":41,"column":8},"end":{"line":41,"column":59}},"12":{"start":{"line":17,"column":0},"end":{"line":17,"column":13}}},"fnMap":{"0":{"name":"(anonymous_0)","decl":{"start":{"line":22,"column":4},"end":{"line":22,"column":16}},"loc":{"start":{"line":22,"column":69},"end":{"line":25,"column":5}}},"1":{"name":"(anonymous_1)","decl":{"start":{"line":27,"column":4},"end":{"line":27,"column":25}},"loc":{"start":{"line":27,"column":84},"end":{"line":38,"column":5}}},"2":{"name":"(anonymous_2)","decl":{"start":{"line":40,"column":4},"end":{"line":40,"column":42}},"loc":{"start":{"line":40,"column":87},"end":{"line":42,"column":5}}}},"branchMap":{"0":{"loc":{"start":{"line":32,"column":8},"end":{"line":35,"column":null}},"type":"if","locations":[{"start":{"line":32,"column":8},"end":{"line":35,"column":null}}]},"1":{"loc":{"start":{"line":32,"column":12},"end":{"line":32,"column":68}},"type":"binary-expr","locations":[{"start":{"line":32,"column":12},"end":{"line":32,"column":24}},{"start":{"line":32,"column":28},"end":{"line":32,"column":68}}]}},"s":{"0":1,"1":1,"2":1,"3":12,"4":12,"5":12,"6":9,"7":9,"8":9,"9":0,"10":9,"11":2,"12":1},"f":{"0":12,"1":9,"2":2},"b":{"0":[0],"1":[9,0]}}
,"E:\\Workspace\\svelte-nestjs-postgresql-chessgame-mono-repo\\frontend\\src\\chess\\utils\\chessboard.utils.ts": {"path":"E:\\Workspace\\svelte-nestjs-postgresql-chessgame-mono-repo\\frontend\\src\\chess\\utils\\chessboard.utils.ts","statementMap":{"0":{"start":{"line":1,"column":0},"end":{"line":1,"column":55}},"1":{"start":{"line":2,"column":0},"end":{"line":2,"column":55}},"2":{"start":{"line":3,"column":0},"end":{"line":3,"column":53}},"3":{"start":{"line":10,"column":4},"end":{"line":10,"column":76}},"4":{"start":{"line":9,"column":0},"end":{"line":9,"column":16}},"5":{"start":{"line":19,"column":4},"end":{"line":19,"column":89}},"6":{"start":{"line":18,"column":0},"end":{"line":18,"column":16}},"7":{"start":{"line":23,"column":4},"end":{"line":23,"column":109}},"8":{"start":{"line":23,"column":34},"end":{"line":23,"column":107}},"9":{"start":{"line":22,"column":0},"end":{"line":22,"column":16}},"10":{"start":{"line":27,"column":4},"end":{"line":27,"column":100}},"11":{"start":{"line":27,"column":32},"end":{"line":27,"column":98}},"12":{"start":{"line":26,"column":0},"end":{"line":26,"column":16}},"13":{"start":{"line":40,"column":27},"end":{"line":40,"column":29}},"14":{"start":{"line":41,"column":4},"end":{"line":58,"column":7}},"15":{"start":{"line":42,"column":23},"end":{"line":42,"column":39}},"16":{"start":{"line":43,"column":8},"end":{"line":57,"column":11}},"17":{"start":{"line":44,"column":12},"end":{"line":44,"column":53}},"18":{"start":{"line":46,"column":12},"end":{"line":49,"column":null}},"19":{"start":{"line":48,"column":16},"end":{"line":48,"column":29}},"20":{"start":{"line":51,"column":12},"end":{"line":51,"column":42}},"21":{"start":{"line":53,"column":12},"end":{"line":55,"column":null}},"22":{"start":{"line":53,"column":39},"end":{"line":53,"column":109}},"23":{"start":{"line":54,"column":16},"end":{"line":54,"column":29}},"24":{"start":{"line":56,"column":12},"end":{"line":56,"column":24}},"25":{"start":{"line":59,"column":4},"end":{"line":59,"column":26}},"26":{"start":{"line":39,"column":0},"end":{"line":39,"column":16}},"27":{"start":{"line":63,"column":36},"end":{"line":63,"column":179}},"28":{"start":{"line":63,"column":71},"end":{"line":63,"column":178}},"29":{"start":{"line":63,"column":130},"end":{"line":63,"column":177}},"30":{"start":{"line":64,"column":21},"end":{"line":66,"column":13}},"31":{"start":{"line":65,"column":8},"end":{"line":65,"column":92}},"32":{"start":{"line":65,"column":58},"end":{"line":65,"column":90}},"33":{"start":{"line":68,"column":4},"end":{"line":73,"column":21}},"34":{"start":{"line":69,"column":8},"end":{"line":71,"column":null}},"35":{"start":{"line":70,"column":12},"end":{"line":70,"column":86}},"36":{"start":{"line":72,"column":8},"end":{"line":72,"column":82}},"37":{"start":{"line":62,"column":0},"end":{"line":62,"column":16}},"38":{"start":{"line":77,"column":20},"end":{"line":77,"column":107}},"39":{"start":{"line":78,"column":19},"end":{"line":78,"column":106}},"40":{"start":{"line":79,"column":19},"end":{"line":79,"column":20}},"41":{"start":{"line":80,"column":17},"end":{"line":80,"column":37}},"42":{"start":{"line":82,"column":4},"end":{"line":85,"column":null}},"43":{"start":{"line":83,"column":8},"end":{"line":83,"column":22}},"44":{"start":{"line":84,"column":8},"end":{"line":84,"column":90}},"45":{"start":{"line":86,"column":4},"end":{"line":86,"column":120}},"46":{"start":{"line":86,"column":83},"end":{"line":86,"column":118}},"47":{"start":{"line":76,"column":0},"end":{"line":76,"column":16}},"48":{"start":{"line":90,"column":4},"end":{"line":90,"column":35}},"49":{"start":{"line":89,"column":0},"end":{"line":89,"column":16}},"50":{"start":{"line":94,"column":4},"end":{"line":94,"column":35}},"51":{"start":{"line":93,"column":0},"end":{"line":93,"column":16}},"52":{"start":{"line":98,"column":22},"end":{"line":99,"column":null}},"53":{"start":{"line":99,"column":19},"end":{"line":99,"column":63}},"54":{"start":{"line":102,"column":4},"end":{"line":102,"column":100}},"55":{"start":{"line":102,"column":39},"end":{"line":102,"column":98}},"56":{"start":{"line":102,"column":75},"end":{"line":102,"column":97}},"57":{"start":{"line":97,"column":0},"end":{"line":97,"column":16}},"58":{"start":{"line":106,"column":19},"end":{"line":106,"column":111}},"59":{"start":{"line":106,"column":43},"end":{"line":106,"column":110}},"60":{"start":{"line":108,"column":35},"end":{"line":108,"column":72}},"61":{"start":{"line":110,"column":4},"end":{"line":117,"column":null}},"62":{"start":{"line":111,"column":8},"end":{"line":111,"column":18}},"63":{"start":{"line":112,"column":11},"end":{"line":117,"column":null}},"64":{"start":{"line":113,"column":40},"end":{"line":113,"column":62}},"65":{"start":{"line":115,"column":37},"end":{"line":115,"column":119}},"66":{"start":{"line":116,"column":8},"end":{"line":116,"column":109}},"67":{"start":{"line":116,"column":47},"end":{"line":116,"column":107}},"68":{"start":{"line":116,"column":89},"end":{"line":116,"column":106}},"69":{"start":{"line":118,"column":4},"end":{"line":118,"column":26}},"70":{"start":{"line":105,"column":0},"end":{"line":105,"column":16}},"71":{"start":{"line":122,"column":23},"end":{"line":122,"column":92}},"72":{"start":{"line":122,"column":50},"end":{"line":122,"column":91}},"73":{"start":{"line":123,"column":4},"end":{"line":123,"column":58}},"74":{"start":{"line":121,"column":0},"end":{"line":121,"column":16}},"75":{"start":{"line":133,"column":19},"end":{"line":133,"column":111}},"76":{"start":{"line":133,"column":43},"end":{"line":133,"column":110}},"77":{"start":{"line":134,"column":30},"end":{"line":134,"column":71}},"78":{"start":{"line":135,"column":34},"end":{"line":140,"column":null}},"79":{"start":{"line":138,"column":12},"end":{"line":138,"column":93}},"80":{"start":{"line":139,"column":12},"end":{"line":139,"column":25}},"81":{"start":{"line":142,"column":4},"end":{"line":142,"column":44}},"82":{"start":{"line":132,"column":0},"end":{"line":132,"column":16}}},"fnMap":{"0":{"name":"getOppositeColor","decl":{"start":{"line":9,"column":16},"end":{"line":9,"column":32}},"loc":{"start":{"line":9,"column":50},"end":{"line":11,"column":1}}},"1":{"name":"isPositionOutsideBoundaries","decl":{"start":{"line":18,"column":16},"end":{"line":18,"column":43}},"loc":{"start":{"line":18,"column":60},"end":{"line":20,"column":1}}},"2":{"name":"hasPieceOnPosition","decl":{"start":{"line":22,"column":16},"end":{"line":22,"column":34}},"loc":{"start":{"line":22,"column":97},"end":{"line":24,"column":1}}},"3":{"name":"(anonymous_3)","decl":{"start":{"line":23,"column":23},"end":{"line":23,"column":24}},"loc":{"start":{"line":23,"column":34},"end":{"line":23,"column":107}}},"4":{"name":"hasAlreadyMoved","decl":{"start":{"line":26,"column":16},"end":{"line":26,"column":31}},"loc":{"start":{"line":26,"column":64},"end":{"line":28,"column":1}}},"5":{"name":"(anonymous_5)","decl":{"start":{"line":27,"column":22},"end":{"line":27,"column":23}},"loc":{"start":{"line":27,"column":32},"end":{"line":27,"column":98}}},"6":{"name":"getAvailableMovesBySide","decl":{"start":{"line":39,"column":16},"end":{"line":39,"column":39}},"loc":{"start":{"line":39,"column":161},"end":{"line":60,"column":1}}},"7":{"name":"(anonymous_7)","decl":{"start":{"line":41,"column":33},"end":{"line":41,"column":34}},"loc":{"start":{"line":41,"column":42},"end":{"line":58,"column":5}}},"8":{"name":"(anonymous_8)","decl":{"start":{"line":43,"column":42},"end":{"line":43,"column":45}},"loc":{"start":{"line":43,"column":47},"end":{"line":57,"column":9}}},"9":{"name":"(anonymous_9)","decl":{"start":{"line":53,"column":28},"end":{"line":53,"column":29}},"loc":{"start":{"line":53,"column":39},"end":{"line":53,"column":109}}},"10":{"name":"getDiagonalBetweenTwoPiece","decl":{"start":{"line":62,"column":16},"end":{"line":62,"column":42}},"loc":{"start":{"line":62,"column":90},"end":{"line":74,"column":1}}},"11":{"name":"(anonymous_11)","decl":{"start":{"line":63,"column":57},"end":{"line":63,"column":58}},"loc":{"start":{"line":63,"column":71},"end":{"line":63,"column":178}}},"12":{"name":"(anonymous_12)","decl":{"start":{"line":63,"column":119},"end":{"line":63,"column":120}},"loc":{"start":{"line":63,"column":130},"end":{"line":63,"column":177}}},"13":{"name":"(anonymous_13)","decl":{"start":{"line":64,"column":52},"end":{"line":64,"column":53}},"loc":{"start":{"line":64,"column":80},"end":{"line":66,"column":5}}},"14":{"name":"(anonymous_14)","decl":{"start":{"line":65,"column":44},"end":{"line":65,"column":45}},"loc":{"start":{"line":65,"column":58},"end":{"line":65,"column":90}}},"15":{"name":"(anonymous_15)","decl":{"start":{"line":68,"column":27},"end":{"line":68,"column":28}},"loc":{"start":{"line":68,"column":40},"end":{"line":73,"column":5}}},"16":{"name":"getStraigthLineBetweenTwoPieces","decl":{"start":{"line":76,"column":16},"end":{"line":76,"column":47}},"loc":{"start":{"line":76,"column":95},"end":{"line":87,"column":1}}},"17":{"name":"(anonymous_17)","decl":{"start":{"line":86,"column":72},"end":{"line":86,"column":73}},"loc":{"start":{"line":86,"column":83},"end":{"line":86,"column":118}}},"18":{"name":"getLastDigitOfPosition","decl":{"start":{"line":89,"column":16},"end":{"line":89,"column":38}},"loc":{"start":{"line":89,"column":57},"end":{"line":91,"column":1}}},"19":{"name":"getFirstDigitOfPosition","decl":{"start":{"line":93,"column":16},"end":{"line":93,"column":39}},"loc":{"start":{"line":93,"column":58},"end":{"line":95,"column":1}}},"20":{"name":"getPieceAttackingTheKing","decl":{"start":{"line":97,"column":16},"end":{"line":97,"column":40}},"loc":{"start":{"line":97,"column":78},"end":{"line":103,"column":1}}},"21":{"name":"(anonymous_21)","decl":{"start":{"line":99,"column":8},"end":{"line":99,"column":9}},"loc":{"start":{"line":99,"column":19},"end":{"line":99,"column":63}}},"22":{"name":"(anonymous_22)","decl":{"start":{"line":102,"column":28},"end":{"line":102,"column":29}},"loc":{"start":{"line":102,"column":39},"end":{"line":102,"column":98}}},"23":{"name":"(anonymous_23)","decl":{"start":{"line":102,"column":65},"end":{"line":102,"column":66}},"loc":{"start":{"line":102,"column":75},"end":{"line":102,"column":97}}},"24":{"name":"filterAvailableMovesIfKingIsChecked","decl":{"start":{"line":105,"column":16},"end":{"line":105,"column":51}},"loc":{"start":{"line":105,"column":125},"end":{"line":119,"column":1}}},"25":{"name":"(anonymous_25)","decl":{"start":{"line":106,"column":32},"end":{"line":106,"column":33}},"loc":{"start":{"line":106,"column":43},"end":{"line":106,"column":110}}},"26":{"name":"(anonymous_26)","decl":{"start":{"line":116,"column":37},"end":{"line":116,"column":38}},"loc":{"start":{"line":116,"column":47},"end":{"line":116,"column":107}}},"27":{"name":"(anonymous_27)","decl":{"start":{"line":116,"column":75},"end":{"line":116,"column":76}},"loc":{"start":{"line":116,"column":89},"end":{"line":116,"column":106}}},"28":{"name":"getBoardWithoutPiece","decl":{"start":{"line":121,"column":16},"end":{"line":121,"column":36}},"loc":{"start":{"line":121,"column":83},"end":{"line":124,"column":1}}},"29":{"name":"(anonymous_29)","decl":{"start":{"line":122,"column":39},"end":{"line":122,"column":40}},"loc":{"start":{"line":122,"column":50},"end":{"line":122,"column":91}}},"30":{"name":"isCheckWithoutPieceOnBoard","decl":{"start":{"line":132,"column":16},"end":{"line":132,"column":42}},"loc":{"start":{"line":132,"column":88},"end":{"line":143,"column":1}}},"31":{"name":"(anonymous_31)","decl":{"start":{"line":133,"column":32},"end":{"line":133,"column":33}},"loc":{"start":{"line":133,"column":43},"end":{"line":133,"column":110}}},"32":{"name":"(anonymous_32)","decl":{"start":{"line":137,"column":30},"end":{"line":137,"column":31}},"loc":{"start":{"line":137,"column":40},"end":{"line":140,"column":9}}}},"branchMap":{"0":{"loc":{"start":{"line":10,"column":11},"end":{"line":10,"column":75}},"type":"cond-expr","locations":[{"start":{"line":10,"column":40},"end":{"line":10,"column":56}},{"start":{"line":10,"column":59},"end":{"line":10,"column":75}}]},"1":{"loc":{"start":{"line":19,"column":11},"end":{"line":19,"column":88}},"type":"binary-expr","locations":[{"start":{"line":19,"column":11},"end":{"line":19,"column":54}},{"start":{"line":19,"column":58},"end":{"line":19,"column":71}},{"start":{"line":19,"column":75},"end":{"line":19,"column":88}}]},"2":{"loc":{"start":{"line":23,"column":34},"end":{"line":23,"column":107}},"type":"binary-expr","locations":[{"start":{"line":23,"column":34},"end":{"line":23,"column":64}},{"start":{"line":23,"column":68},"end":{"line":23,"column":107}}]},"3":{"loc":{"start":{"line":27,"column":32},"end":{"line":27,"column":98}},"type":"binary-expr","locations":[{"start":{"line":27,"column":32},"end":{"line":27,"column":64}},{"start":{"line":27,"column":68},"end":{"line":27,"column":98}}]},"4":{"loc":{"start":{"line":39,"column":141},"end":{"line":39,"column":161}},"type":"default-arg","locations":[{"start":{"line":39,"column":160},"end":{"line":39,"column":161}}]},"5":{"loc":{"start":{"line":46,"column":12},"end":{"line":49,"column":null}},"type":"if","locations":[{"start":{"line":46,"column":12},"end":{"line":49,"column":null}}]},"6":{"loc":{"start":{"line":46,"column":16},"end":{"line":47,"column":62}},"type":"binary-expr","locations":[{"start":{"line":46,"column":16},"end":{"line":46,"column":53}},{"start":{"line":47,"column":19},"end":{"line":47,"column":62}}]},"7":{"loc":{"start":{"line":53,"column":12},"end":{"line":55,"column":null}},"type":"if","locations":[{"start":{"line":53,"column":12},"end":{"line":55,"column":null}}]},"8":{"loc":{"start":{"line":53,"column":39},"end":{"line":53,"column":109}},"type":"binary-expr","locations":[{"start":{"line":53,"column":39},"end":{"line":53,"column":66}},{"start":{"line":53,"column":70},"end":{"line":53,"column":109}}]},"9":{"loc":{"start":{"line":69,"column":8},"end":{"line":71,"column":null}},"type":"if","locations":[{"start":{"line":69,"column":8},"end":{"line":71,"column":null}}]},"10":{"loc":{"start":{"line":70,"column":19},"end":{"line":70,"column":85}},"type":"binary-expr","locations":[{"start":{"line":70,"column":19},"end":{"line":70,"column":49}},{"start":{"line":70,"column":53},"end":{"line":70,"column":85}}]},"11":{"loc":{"start":{"line":72,"column":15},"end":{"line":72,"column":81}},"type":"binary-expr","locations":[{"start":{"line":72,"column":15},"end":{"line":72,"column":45}},{"start":{"line":72,"column":49},"end":{"line":72,"column":81}}]},"12":{"loc":{"start":{"line":77,"column":20},"end":{"line":77,"column":107}},"type":"cond-expr","locations":[{"start":{"line":77,"column":65},"end":{"line":77,"column":84}},{"start":{"line":77,"column":87},"end":{"line":77,"column":107}}]},"13":{"loc":{"start":{"line":78,"column":19},"end":{"line":78,"column":106}},"type":"cond-expr","locations":[{"start":{"line":78,"column":64},"end":{"line":78,"column":84}},{"start":{"line":78,"column":87},"end":{"line":78,"column":106}}]},"14":{"loc":{"start":{"line":82,"column":4},"end":{"line":85,"column":null}},"type":"if","locations":[{"start":{"line":82,"column":4},"end":{"line":85,"column":null}}]},"15":{"loc":{"start":{"line":90,"column":11},"end":{"line":90,"column":34}},"type":"cond-expr","locations":[{"start":{"line":90,"column":19},"end":{"line":90,"column":21}},{"start":{"line":90,"column":11},"end":{"line":90,"column":34}}]},"16":{"loc":{"start":{"line":90,"column":11},"end":{"line":90,"column":21}},"type":"binary-expr","locations":[{"start":{"line":90,"column":11},"end":{"line":90,"column":21}},{"start":{"line":90,"column":11},"end":{"line":90,"column":21}}]},"17":{"loc":{"start":{"line":94,"column":11},"end":{"line":94,"column":34}},"type":"cond-expr","locations":[{"start":{"line":94,"column":19},"end":{"line":94,"column":21}},{"start":{"line":94,"column":11},"end":{"line":94,"column":34}}]},"18":{"loc":{"start":{"line":94,"column":11},"end":{"line":94,"column":21}},"type":"binary-expr","locations":[{"start":{"line":94,"column":11},"end":{"line":94,"column":21}},{"start":{"line":94,"column":11},"end":{"line":94,"column":21}}]},"19":{"loc":{"start":{"line":106,"column":43},"end":{"line":106,"column":110}},"type":"binary-expr","locations":[{"start":{"line":106,"column":43},"end":{"line":106,"column":72}},{"start":{"line":106,"column":76},"end":{"line":106,"column":110}}]},"20":{"loc":{"start":{"line":110,"column":4},"end":{"line":117,"column":null}},"type":"if","locations":[{"start":{"line":110,"column":4},"end":{"line":117,"column":null}},{"start":{"line":112,"column":11},"end":{"line":117,"column":null}}]},"21":{"loc":{"start":{"line":112,"column":11},"end":{"line":117,"column":null}},"type":"if","locations":[{"start":{"line":112,"column":11},"end":{"line":117,"column":null}}]},"22":{"loc":{"start":{"line":133,"column":43},"end":{"line":133,"column":110}},"type":"binary-expr","locations":[{"start":{"line":133,"column":43},"end":{"line":133,"column":72}},{"start":{"line":133,"column":76},"end":{"line":133,"column":110}}]}},"s":{"0":2,"1":2,"2":2,"3":264,"4":2,"5":831,"6":2,"7":449,"8":1480,"9":2,"10":11,"11":3,"12":2,"13":46,"14":46,"15":245,"16":245,"17":567,"18":567,"19":128,"20":439,"21":439,"22":1438,"23":13,"24":426,"25":46,"26":2,"27":7,"28":28,"29":224,"30":7,"31":28,"32":99,"33":7,"34":33,"35":27,"36":6,"37":2,"38":5,"39":5,"40":5,"41":5,"42":5,"43":2,"44":2,"45":5,"46":24,"47":2,"48":13,"49":2,"50":7,"51":2,"52":56,"53":227,"54":56,"55":106,"56":594,"57":2,"58":25,"59":98,"60":25,"61":25,"62":1,"63":24,"64":5,"65":5,"66":5,"67":88,"68":326,"69":19,"70":2,"71":4,"72":7,"73":4,"74":2,"75":2,"76":10,"77":2,"78":2,"79":8,"80":8,"81":2,"82":2},"f":{"0":264,"1":831,"2":449,"3":1480,"4":11,"5":3,"6":46,"7":245,"8":567,"9":1438,"10":7,"11":28,"12":224,"13":28,"14":99,"15":33,"16":5,"17":24,"18":13,"19":7,"20":56,"21":227,"22":106,"23":594,"24":25,"25":98,"26":88,"27":326,"28":4,"29":7,"30":2,"31":10,"32":8},"b":{"0":[140,124],"1":[831,727,644],"2":[1480,22],"3":[3,3],"4":[21],"5":[128],"6":[567,444],"7":[13],"8":[1438,13],"9":[27],"10":[27,13],"11":[6,3],"12":[1,4],"13":[1,4],"14":[2],"15":[0,13],"16":[13,13],"17":[0,7],"18":[7,7],"19":[98,44],"20":[1,24],"21":[5],"22":[10,4]}}
}
