TN:
SF:src\chess\enums\piece-color.enum.ts
FN:1,(anonymous_0)
FNF:1
FNH:1
FNDA:2,(anonymous_0)
DA:1,2
DA:2,2
DA:3,2
LF:3
LH:3
BRDA:1,0,0,2
BRDA:1,0,1,2
BRF:2
BRH:2
end_of_record
TN:
SF:src\chess\enums\piece-type.enum.ts
FN:1,(anonymous_0)
FNF:1
FNH:1
FNDA:2,(anonymous_0)
DA:1,2
DA:2,2
DA:3,2
DA:4,2
DA:5,2
DA:6,2
DA:7,2
LF:7
LH:7
BRDA:1,0,0,2
BRDA:1,0,1,2
BRF:2
BRH:2
end_of_record
TN:
SF:src\chess\models\piece-color.model.ts
FN:1,(anonymous_0)
FNF:1
FNH:1
FNDA:2,(anonymous_0)
DA:1,2
DA:2,2
DA:3,2
LF:3
LH:3
BRDA:1,0,0,2
BRDA:1,0,1,2
BRF:2
BRH:2
end_of_record
TN:
SF:src\chess\models\pieces\bishop.model.ts
FN:8,(anonymous_0)
FN:11,(anonymous_1)
FN:25,(anonymous_2)
FNF:3
FNH:3
FNDA:37,(anonymous_0)
FNDA:10,(anonymous_1)
FNDA:3,(anonymous_2)
DA:1,2
DA:2,2
DA:6,2
DA:8,2
DA:9,37
DA:12,10
DA:15,10
DA:17,10
DA:19,0
DA:22,10
DA:26,3
LF:11
LH:10
BRDA:17,0,0,0
BRDA:17,1,0,10
BRDA:17,1,1,0
BRF:3
BRH:1
end_of_record
TN:
SF:src\chess\models\pieces\chess-piece.model.ts
FN:22,(anonymous_0)
FN:31,(anonymous_1)
FN:35,(anonymous_2)
FN:39,(anonymous_3)
FN:43,(anonymous_4)
FNF:5
FNH:3
FNDA:73,(anonymous_0)
FNDA:0,(anonymous_1)
FNDA:0,(anonymous_2)
FNDA:3853,(anonymous_3)
FNDA:825,(anonymous_4)
DA:13,2
DA:16,73
DA:23,73
DA:24,73
DA:32,0
DA:36,0
DA:40,3853
DA:44,825
LF:8
LH:6
BRF:0
BRH:0
end_of_record
TN:
SF:src\chess\models\pieces\config.ts
FNF:0
FNH:0
DA:1,1
DA:3,1
DA:32,1
LF:3
LH:3
BRF:0
BRH:0
end_of_record
TN:
SF:src\chess\models\pieces\king.model.ts
FN:12,(anonymous_0)
FN:22,(anonymous_1)
FN:35,(anonymous_2)
FN:37,(anonymous_3)
FN:40,(anonymous_4)
FN:42,(anonymous_5)
FN:42,(anonymous_6)
FN:45,(anonymous_7)
FN:53,(anonymous_8)
FN:54,(anonymous_9)
FN:55,(anonymous_10)
FN:58,(anonymous_11)
FN:58,(anonymous_12)
FN:59,(anonymous_13)
FN:69,(anonymous_14)
FN:72,(anonymous_15)
FN:75,(anonymous_16)
FN:79,(anonymous_17)
FN:81,(anonymous_18)
FN:92,(anonymous_19)
FN:100,(anonymous_20)
FN:102,(anonymous_21)
FN:112,(anonymous_22)
FN:113,(anonymous_23)
FNF:24
FNH:10
FNDA:19,(anonymous_0)
FNDA:14,(anonymous_1)
FNDA:14,(anonymous_2)
FNDA:51,(anonymous_3)
FNDA:6,(anonymous_4)
FNDA:96,(anonymous_5)
FNDA:574,(anonymous_6)
FNDA:0,(anonymous_7)
FNDA:0,(anonymous_8)
FNDA:0,(anonymous_9)
FNDA:0,(anonymous_10)
FNDA:0,(anonymous_11)
FNDA:0,(anonymous_12)
FNDA:0,(anonymous_13)
FNDA:0,(anonymous_14)
FNDA:0,(anonymous_15)
FNDA:0,(anonymous_16)
FNDA:0,(anonymous_17)
FNDA:0,(anonymous_18)
FNDA:14,(anonymous_19)
FNDA:18,(anonymous_20)
FNDA:74,(anonymous_21)
FNDA:0,(anonymous_22)
FNDA:0,(anonymous_23)
DA:1,1
DA:2,1
DA:5,1
DA:8,1
DA:9,1
DA:12,1
DA:13,19
DA:23,14
DA:24,14
DA:26,14
DA:28,14
DA:29,0
DA:32,14
DA:36,14
DA:37,51
DA:38,14
DA:39,14
DA:40,6
DA:42,574
DA:46,0
DA:54,0
DA:55,0
DA:58,0
DA:59,0
DA:60,0
DA:70,0
DA:71,0
DA:72,0
DA:76,0
DA:79,0
DA:80,0
DA:81,0
DA:83,0
DA:86,0
DA:89,0
DA:93,14
DA:94,14
DA:95,5
DA:97,9
DA:98,9
DA:100,9
DA:101,18
DA:102,74
DA:104,18
DA:105,0
DA:109,9
DA:113,0
LF:47
LH:28
BRDA:22,0,0,0
BRDA:28,1,0,0
BRDA:37,2,0,51
BRDA:37,2,1,21
BRDA:60,3,0,0
BRDA:60,3,1,0
BRDA:71,4,0,0
BRDA:71,4,1,0
BRDA:72,5,0,0
BRDA:72,5,1,0
BRDA:81,6,0,0
BRDA:81,6,1,0
BRDA:81,6,2,0
BRDA:81,6,3,0
BRDA:83,7,0,0
BRDA:83,8,0,0
BRDA:83,8,1,0
BRDA:83,8,2,0
BRDA:94,9,0,5
BRDA:97,10,0,9
BRDA:102,11,0,74
BRDA:102,11,1,40
BRDA:102,11,2,10
BRDA:102,11,3,0
BRDA:104,12,0,0
BRDA:104,13,0,18
BRDA:104,13,1,0
BRDA:113,14,0,0
BRDA:113,14,1,0
BRDA:113,14,2,0
BRDA:113,15,0,0
BRDA:113,15,1,0
BRDA:113,16,0,0
BRDA:113,16,1,0
BRDA:113,17,0,0
BRDA:113,17,1,0
BRDA:113,18,0,0
BRDA:113,18,1,0
BRF:38
BRH:8
end_of_record
TN:
SF:src\chess\models\pieces\queen.model.ts
FN:8,(anonymous_0)
FN:11,(anonymous_1)
FN:24,(anonymous_2)
FNF:3
FNH:2
FNDA:5,(anonymous_0)
FNDA:2,(anonymous_1)
FNDA:0,(anonymous_2)
DA:1,1
DA:2,1
DA:6,1
DA:8,1
DA:9,5
DA:12,2
DA:14,2
DA:16,2
DA:18,0
DA:21,2
DA:25,0
DA:26,0
DA:27,0
DA:29,0
LF:14
LH:9
BRDA:16,0,0,0
BRDA:16,1,0,2
BRDA:16,1,1,0
BRDA:25,2,0,0
BRDA:25,2,1,0
BRDA:26,3,0,0
BRF:6
BRH:1
end_of_record
TN:
SF:src\chess\models\pieces\rook.model.ts
FN:22,(anonymous_0)
FN:27,(anonymous_1)
FN:40,(anonymous_2)
FNF:3
FNH:3
FNDA:12,(anonymous_0)
FNDA:9,(anonymous_1)
FNDA:2,(anonymous_2)
DA:1,1
DA:2,1
DA:13,1
DA:17,1
DA:18,12
DA:23,12
DA:24,12
DA:28,9
DA:30,9
DA:32,9
DA:34,0
DA:37,9
DA:41,2
LF:13
LH:12
BRDA:32,0,0,0
BRDA:32,1,0,9
BRDA:32,1,1,0
BRF:3
BRH:1
end_of_record
TN:
SF:src\chess\utils\chessboard.utils.ts
FN:9,getOppositeColor
FN:18,isPositionOutsideBoundaries
FN:22,hasPieceOnPosition
FN:23,(anonymous_3)
FN:26,hasAlreadyMoved
FN:27,(anonymous_5)
FN:39,getAvailableMovesBySide
FN:41,(anonymous_7)
FN:43,(anonymous_8)
FN:53,(anonymous_9)
FN:62,getDiagonalBetweenTwoPiece
FN:63,(anonymous_11)
FN:63,(anonymous_12)
FN:64,(anonymous_13)
FN:65,(anonymous_14)
FN:68,(anonymous_15)
FN:76,getStraigthLineBetweenTwoPieces
FN:86,(anonymous_17)
FN:89,getLastDigitOfPosition
FN:93,getFirstDigitOfPosition
FN:97,getPieceAttackingTheKing
FN:99,(anonymous_21)
FN:102,(anonymous_22)
FN:102,(anonymous_23)
FN:105,filterAvailableMovesIfKingIsChecked
FN:106,(anonymous_25)
FN:116,(anonymous_26)
FN:116,(anonymous_27)
FN:121,getBoardWithoutPiece
FN:122,(anonymous_29)
FN:132,isCheckWithoutPieceOnBoard
FN:133,(anonymous_31)
FN:137,(anonymous_32)
FNF:33
FNH:33
FNDA:264,getOppositeColor
FNDA:831,isPositionOutsideBoundaries
FNDA:449,hasPieceOnPosition
FNDA:1480,(anonymous_3)
FNDA:11,hasAlreadyMoved
FNDA:3,(anonymous_5)
FNDA:46,getAvailableMovesBySide
FNDA:245,(anonymous_7)
FNDA:567,(anonymous_8)
FNDA:1438,(anonymous_9)
FNDA:7,getDiagonalBetweenTwoPiece
FNDA:28,(anonymous_11)
FNDA:224,(anonymous_12)
FNDA:28,(anonymous_13)
FNDA:99,(anonymous_14)
FNDA:33,(anonymous_15)
FNDA:5,getStraigthLineBetweenTwoPieces
FNDA:24,(anonymous_17)
FNDA:13,getLastDigitOfPosition
FNDA:7,getFirstDigitOfPosition
FNDA:56,getPieceAttackingTheKing
FNDA:227,(anonymous_21)
FNDA:106,(anonymous_22)
FNDA:594,(anonymous_23)
FNDA:25,filterAvailableMovesIfKingIsChecked
FNDA:98,(anonymous_25)
FNDA:88,(anonymous_26)
FNDA:326,(anonymous_27)
FNDA:4,getBoardWithoutPiece
FNDA:7,(anonymous_29)
FNDA:2,isCheckWithoutPieceOnBoard
FNDA:10,(anonymous_31)
FNDA:8,(anonymous_32)
DA:1,2
DA:2,2
DA:3,2
DA:9,2
DA:10,264
DA:18,2
DA:19,831
DA:22,2
DA:23,1480
DA:26,2
DA:27,11
DA:39,2
DA:40,46
DA:41,46
DA:42,245
DA:43,245
DA:44,567
DA:46,567
DA:48,128
DA:51,439
DA:53,1438
DA:54,13
DA:56,426
DA:59,46
DA:62,2
DA:63,224
DA:64,7
DA:65,99
DA:68,7
DA:69,33
DA:70,27
DA:72,6
DA:76,2
DA:77,5
DA:78,5
DA:79,5
DA:80,5
DA:82,5
DA:83,2
DA:84,2
DA:86,24
DA:89,2
DA:90,13
DA:93,2
DA:94,7
DA:97,2
DA:98,56
DA:99,227
DA:102,594
DA:105,2
DA:106,98
DA:108,25
DA:110,25
DA:111,1
DA:112,24
DA:113,5
DA:115,5
DA:116,326
DA:118,19
DA:121,2
DA:122,7
DA:123,4
DA:132,2
DA:133,10
DA:134,2
DA:135,2
DA:138,8
DA:139,8
DA:142,2
LF:69
LH:69
BRDA:10,0,0,140
BRDA:10,0,1,124
BRDA:19,1,0,831
BRDA:19,1,1,727
BRDA:19,1,2,644
BRDA:23,2,0,1480
BRDA:23,2,1,22
BRDA:27,3,0,3
BRDA:27,3,1,3
BRDA:39,4,0,21
BRDA:46,5,0,128
BRDA:46,6,0,567
BRDA:46,6,1,444
BRDA:53,7,0,13
BRDA:53,8,0,1438
BRDA:53,8,1,13
BRDA:69,9,0,27
BRDA:70,10,0,27
BRDA:70,10,1,13
BRDA:72,11,0,6
BRDA:72,11,1,3
BRDA:77,12,0,1
BRDA:77,12,1,4
BRDA:78,13,0,1
BRDA:78,13,1,4
BRDA:82,14,0,2
BRDA:90,15,0,0
BRDA:90,15,1,13
BRDA:90,16,0,13
BRDA:90,16,1,13
BRDA:94,17,0,0
BRDA:94,17,1,7
BRDA:94,18,0,7
BRDA:94,18,1,7
BRDA:106,19,0,98
BRDA:106,19,1,44
BRDA:110,20,0,1
BRDA:110,20,1,24
BRDA:112,21,0,5
BRDA:133,22,0,10
BRDA:133,22,1,4
BRF:41
BRH:39
end_of_record
